<?xml version="1.0" encoding="UTF-8"?>
<!-- Generated by org.testng.reporters.JUnitReportReporter -->
<testsuite hostname="Dell-PC" failures="0" tests="3" name="com.test.TestNGBasics" time="0.013" errors="0" timestamp="2020-07-04T17:41:26 IST" skipped="0">
  <testcase classname="com.test.TestNGBasics" name="searchTest" time="0.002"/>
  <system-out/>
  <testcase classname="com.test.TestNGBasics" name="googleTitileTest" time="0.003"/>
  <system-out/>
  <testcase classname="com.test.TestNGBasics" name="googleLogoTest" time="0.008"/>
  <system-out/>
</testsuite> <!-- com.test.TestNGBasics -->
