<?xml version="1.0" encoding="UTF-8"?>
<!-- Generated by org.testng.reporters.JUnitReportReporter -->
<testsuite hostname="Dell-PC" failures="0" tests="2" name="com.test.TestNGFeatures" time="0.013" errors="0" timestamp="2020-07-04T19:34:11 IST" skipped="0">
  <testcase classname="com.test.TestNGFeatures" name="loginTest" time="0.011"/>
  <system-out/>
  <testcase classname="com.test.TestNGFeatures" name="HomePageTest" time="0.002"/>
  <system-out/>
</testsuite> <!-- com.test.TestNGFeatures -->
